0 info it worked if it ends with ok
1 verbose cli [ 'c:\\Program Files\\nodejs\\node.exe',
1 verbose cli   'c:\\Program Files\\nodejs\\node_modules\\npm\\bin\\npm-cli.js',
1 verbose cli   'install',
1 verbose cli   'node-image',
1 verbose cli   '--save' ]
2 info using npm@2.7.3
3 info using node@v0.10.34
4 warn package.json image-calculator@0.1.0 No repository field.
5 warn package.json image-calculator@0.1.0 No README data
6 silly cache add args [ 'node-image', null ]
7 verbose cache add spec node-image
8 silly cache add parsed spec { raw: 'node-image',
8 silly cache add   scope: null,
8 silly cache add   name: 'node-image',
8 silly cache add   rawSpec: '',
8 silly cache add   spec: '*',
8 silly cache add   type: 'range' }
9 verbose addNamed node-image@*
10 silly addNamed semver.valid null
11 silly addNamed semver.validRange *
12 silly addNameRange { name: 'node-image', range: '*', hasData: false }
13 silly mapToRegistry name node-image
14 silly mapToRegistry using default registry
15 silly mapToRegistry registry https://registry.npmjs.org/
16 silly mapToRegistry uri https://registry.npmjs.org/node-image
17 verbose addNameRange registry:https://registry.npmjs.org/node-image not in flight; fetching
18 verbose request uri https://registry.npmjs.org/node-image
19 verbose request no auth needed
20 info attempt registry request try #1 at 23:52:55
21 verbose request id a52509e1604b4c69
22 verbose etag "5VLHEA17C6FJSZILSJN1JT0KF"
23 http request GET https://registry.npmjs.org/node-image
24 http 304 https://registry.npmjs.org/node-image
25 silly get cb [ 304,
25 silly get   { date: 'Sun, 10 May 2015 04:52:56 GMT',
25 silly get     via: '1.1 varnish',
25 silly get     'cache-control': 'max-age=60',
25 silly get     etag: '"5VLHEA17C6FJSZILSJN1JT0KF"',
25 silly get     age: '18',
25 silly get     connection: 'keep-alive',
25 silly get     'x-served-by': 'cache-dfw1831-DFW',
25 silly get     'x-cache': 'HIT',
25 silly get     'x-cache-hits': '1',
25 silly get     'x-timer': 'S1431233576.891583,VS0,VE0',
25 silly get     vary: 'Accept' } ]
26 verbose etag https://registry.npmjs.org/node-image from cache
27 verbose get saving node-image to C:\Users\tbrown\AppData\Roaming\npm-cache\registry.npmjs.org\node-image\.cache.json
28 silly addNameRange number 2 { name: 'node-image', range: '*', hasData: true }
29 silly addNameRange versions [ 'node-image', [ '0.5.0', '0.5.1', '0.7.1' ] ]
30 verbose addNamed node-image@0.7.1
31 silly addNamed semver.valid 0.7.1
32 silly addNamed semver.validRange 0.7.1
33 silly cache afterAdd node-image@0.7.1
34 verbose afterAdd C:\Users\tbrown\AppData\Roaming\npm-cache\node-image\0.7.1\package\package.json not in flight; writing
35 verbose afterAdd C:\Users\tbrown\AppData\Roaming\npm-cache\node-image\0.7.1\package\package.json written
36 silly install resolved [ { name: 'node-image',
36 silly install resolved     version: '0.7.1',
36 silly install resolved     description: 'A Node.JS wrapper around FreeImage',
36 silly install resolved     main: 'lib/image.js',
36 silly install resolved     author:
36 silly install resolved      { name: 'Mikael Bourges-Sevenier',
36 silly install resolved        email: 'mikeseven@gmail.com' },
36 silly install resolved     keywords:
36 silly install resolved      [ 'jpeg',
36 silly install resolved        'jpg',
36 silly install resolved        'png',
36 silly install resolved        'gif',
36 silly install resolved        'bmp',
36 silly install resolved        'jng',
36 silly install resolved        'pnm',
36 silly install resolved        'ppm',
36 silly install resolved        'tga',
36 silly install resolved        'tiff',
36 silly install resolved        'psd',
36 silly install resolved        'xbm',
36 silly install resolved        'xpm',
36 silly install resolved        'j2k',
36 silly install resolved        'jpeg2000',
36 silly install resolved        'jp2',
36 silly install resolved        'sgi',
36 silly install resolved        'exr',
36 silly install resolved        'hdr',
36 silly install resolved        'pict',
36 silly install resolved        'raw',
36 silly install resolved        'ico',
36 silly install resolved        'wbmp',
36 silly install resolved        'image',
36 silly install resolved        'picture' ],
36 silly install resolved     maintainers: [ [Object] ],
36 silly install resolved     licenses: [ [Object] ],
36 silly install resolved     repository:
36 silly install resolved      { type: 'git',
36 silly install resolved        url: 'https://mikeseven@github.com/mikeseven/node-image.git' },
36 silly install resolved     directories: { src: 'src', lib: 'lib', test: 'test' },
36 silly install resolved     engines: { node: '0.5.9-0.11.3' },
36 silly install resolved     scripts: { install: 'node-gyp rebuild' },
36 silly install resolved     dependencies: { nan: '^0.8.0' },
36 silly install resolved     gitHead: 'f91a7993963d05b5cbccc9673473636abf135f32',
36 silly install resolved     gypfile: true,
36 silly install resolved     bugs: { url: 'https://github.com/mikeseven/node-image/issues' },
36 silly install resolved     homepage: 'https://github.com/mikeseven/node-image',
36 silly install resolved     _id: 'node-image@0.7.1',
36 silly install resolved     _shasum: '8ab3319e9318736373ce01028153686fd460ea66',
36 silly install resolved     _from: 'node-image@*',
36 silly install resolved     _npmVersion: '1.4.14',
36 silly install resolved     _npmUser: { name: 'mikeseven', email: 'mikeseven@gmail.com' },
36 silly install resolved     dist:
36 silly install resolved      { shasum: '8ab3319e9318736373ce01028153686fd460ea66',
36 silly install resolved        tarball: 'http://registry.npmjs.org/node-image/-/node-image-0.7.1.tgz' },
36 silly install resolved     _resolved: 'https://registry.npmjs.org/node-image/-/node-image-0.7.1.tgz',
36 silly install resolved     readme: 'ERROR: No README data found!' } ]
37 info install node-image@0.7.1 into c:\Users\tbrown\Documents\Personal Projects\image-calculator
38 info installOne node-image@0.7.1
39 verbose installOne of node-image to c:\Users\tbrown\Documents\Personal Projects\image-calculator not in flight; installing
40 verbose lock using C:\Users\tbrown\AppData\Roaming\npm-cache\_locks\node-image-92424d1f67a7c35d.lock for c:\Users\tbrown\Documents\Personal Projects\image-calculator\node_modules\node-image
41 warn engine node-image@0.7.1: wanted: {"node":"0.5.9-0.11.3"} (current: {"node":"0.10.34","npm":"2.7.3"})
42 silly install write writing node-image 0.7.1 to c:\Users\tbrown\Documents\Personal Projects\image-calculator\node_modules\node-image
43 silly cache addNamed cb node-image@0.7.1
44 verbose unbuild node_modules\node-image
45 silly gentlyRm c:\Users\tbrown\Documents\Personal Projects\image-calculator\node_modules\node-image is being purged from base c:\Users\tbrown\Documents\Personal Projects\image-calculator
46 verbose gentlyRm don't care about contents; nuking c:\Users\tbrown\Documents\Personal Projects\image-calculator\node_modules\node-image
47 verbose tar unpack C:\Users\tbrown\AppData\Roaming\npm-cache\node-image\0.7.1\package.tgz
48 verbose tar unpacking to c:\Users\tbrown\Documents\Personal Projects\image-calculator\node_modules\node-image
49 silly gentlyRm c:\Users\tbrown\Documents\Personal Projects\image-calculator\node_modules\node-image is being purged
50 verbose gentlyRm don't care about contents; nuking c:\Users\tbrown\Documents\Personal Projects\image-calculator\node_modules\node-image
51 silly gunzTarPerm modes [ '777', '666' ]
52 silly gunzTarPerm extractEntry package.json
53 silly gunzTarPerm modified mode [ 'package.json', 420, 438 ]
54 silly gunzTarPerm extractEntry README.md
55 silly gunzTarPerm modified mode [ 'README.md', 420, 438 ]
56 silly gunzTarPerm extractEntry LICENSES
57 silly gunzTarPerm modified mode [ 'LICENSES', 420, 438 ]
58 silly gunzTarPerm extractEntry binding.gyp
59 silly gunzTarPerm modified mode [ 'binding.gyp', 420, 438 ]
60 silly gunzTarPerm extractEntry build/Makefile
61 silly gunzTarPerm modified mode [ 'build/Makefile', 420, 438 ]
62 silly gunzTarPerm extractEntry build/Release/.deps/Release/image.node.d
63 silly gunzTarPerm modified mode [ 'build/Release/.deps/Release/image.node.d', 420, 438 ]
64 silly gunzTarPerm extractEntry build/Release/.deps/Release/obj.target/image/src/FreeImage.o.d
65 silly gunzTarPerm modified mode [ 'build/Release/.deps/Release/obj.target/image/src/FreeImage.o.d',
65 silly gunzTarPerm   420,
65 silly gunzTarPerm   438 ]
66 silly gunzTarPerm extractEntry build/Release/.deps/Release/obj.target/image/src/Image.o.d
67 silly gunzTarPerm modified mode [ 'build/Release/.deps/Release/obj.target/image/src/Image.o.d',
67 silly gunzTarPerm   420,
67 silly gunzTarPerm   438 ]
68 silly gunzTarPerm extractEntry build/Release/.deps/Release/obj.target/image/src/bindings.o.d
69 silly gunzTarPerm modified mode [ 'build/Release/.deps/Release/obj.target/image/src/bindings.o.d',
69 silly gunzTarPerm   420,
69 silly gunzTarPerm   438 ]
70 silly gunzTarPerm extractEntry build/Release/image.node
71 silly gunzTarPerm modified mode [ 'build/Release/image.node', 493, 511 ]
72 silly gunzTarPerm extractEntry build/Release/linker.lock
73 silly gunzTarPerm modified mode [ 'build/Release/linker.lock', 420, 438 ]
74 silly gunzTarPerm extractEntry build/Release/obj.target/image/src/FreeImage.o
75 silly gunzTarPerm modified mode [ 'build/Release/obj.target/image/src/FreeImage.o', 420, 438 ]
76 silly gunzTarPerm extractEntry build/Release/obj.target/image/src/Image.o
77 silly gunzTarPerm modified mode [ 'build/Release/obj.target/image/src/Image.o', 420, 438 ]
78 silly gunzTarPerm extractEntry build/Release/obj.target/image/src/bindings.o
79 silly gunzTarPerm modified mode [ 'build/Release/obj.target/image/src/bindings.o', 420, 438 ]
80 silly gunzTarPerm extractEntry build/binding.Makefile
81 silly gunzTarPerm modified mode [ 'build/binding.Makefile', 420, 438 ]
82 silly gunzTarPerm extractEntry build/config.gypi
83 silly gunzTarPerm modified mode [ 'build/config.gypi', 420, 438 ]
84 silly gunzTarPerm extractEntry build/gyp-mac-tool
85 silly gunzTarPerm modified mode [ 'build/gyp-mac-tool', 493, 511 ]
86 silly gunzTarPerm extractEntry build/image.target.mk
87 silly gunzTarPerm modified mode [ 'build/image.target.mk', 420, 438 ]
88 silly gunzTarPerm extractEntry lib/image.js
89 silly gunzTarPerm modified mode [ 'lib/image.js', 420, 438 ]
90 silly gunzTarPerm extractEntry src/FreeImage.cpp
91 silly gunzTarPerm modified mode [ 'src/FreeImage.cpp', 420, 438 ]
92 silly gunzTarPerm extractEntry src/FreeImage.h
93 silly gunzTarPerm modified mode [ 'src/FreeImage.h', 420, 438 ]
94 silly gunzTarPerm extractEntry src/Image.cpp
95 silly gunzTarPerm modified mode [ 'src/Image.cpp', 420, 438 ]
96 silly gunzTarPerm extractEntry src/Image.h
97 silly gunzTarPerm modified mode [ 'src/Image.h', 420, 438 ]
98 silly gunzTarPerm extractEntry src/bindings.cpp
99 silly gunzTarPerm modified mode [ 'src/bindings.cpp', 420, 438 ]
100 silly gunzTarPerm extractEntry src/common.h
101 silly gunzTarPerm modified mode [ 'src/common.h', 420, 438 ]
102 silly gunzTarPerm extractEntry test/test.js
103 silly gunzTarPerm modified mode [ 'test/test.js', 420, 438 ]
104 silly gunzTarPerm extractEntry test/mike_scooter.jpg
105 silly gunzTarPerm modified mode [ 'test/mike_scooter.jpg', 493, 511 ]
106 info preinstall node-image@0.7.1
107 silly prepareForInstallMany adding nan@^0.8.0 from node-image dependencies
108 silly cache add args [ 'nan@^0.8.0', null ]
109 verbose cache add spec nan@^0.8.0
110 silly cache add parsed spec { raw: 'nan@^0.8.0',
110 silly cache add   scope: null,
110 silly cache add   name: 'nan',
110 silly cache add   rawSpec: '^0.8.0',
110 silly cache add   spec: '>=0.8.0 <0.9.0',
110 silly cache add   type: 'range' }
111 verbose addNamed nan@>=0.8.0 <0.9.0
112 silly addNamed semver.valid null
113 silly addNamed semver.validRange >=0.8.0 <0.9.0
114 silly addNameRange { name: 'nan', range: '>=0.8.0 <0.9.0', hasData: false }
115 silly mapToRegistry name nan
116 silly mapToRegistry using default registry
117 silly mapToRegistry registry https://registry.npmjs.org/
118 silly mapToRegistry uri https://registry.npmjs.org/nan
119 verbose addNameRange registry:https://registry.npmjs.org/nan not in flight; fetching
120 verbose request uri https://registry.npmjs.org/nan
121 verbose request no auth needed
122 info attempt registry request try #1 at 23:52:55
123 verbose etag "D9X1WVB37H5NYMOI61FHEOYM0"
124 http request GET https://registry.npmjs.org/nan
125 http 304 https://registry.npmjs.org/nan
126 silly get cb [ 304,
126 silly get   { date: 'Sun, 10 May 2015 04:52:57 GMT',
126 silly get     via: '1.1 varnish',
126 silly get     'cache-control': 'max-age=60',
126 silly get     etag: '"D9X1WVB37H5NYMOI61FHEOYM0"',
126 silly get     age: '22',
126 silly get     connection: 'keep-alive',
126 silly get     'x-served-by': 'cache-dfw1832-DFW',
126 silly get     'x-cache': 'HIT',
126 silly get     'x-cache-hits': '1',
126 silly get     'x-timer': 'S1431233577.271725,VS0,VE0',
126 silly get     vary: 'Accept' } ]
127 verbose etag https://registry.npmjs.org/nan from cache
128 verbose get saving nan to C:\Users\tbrown\AppData\Roaming\npm-cache\registry.npmjs.org\nan\.cache.json
129 silly addNameRange number 2 { name: 'nan', range: '>=0.8.0 <0.9.0', hasData: true }
130 silly addNameRange versions [ 'nan',
130 silly addNameRange   [ '0.3.0-wip',
130 silly addNameRange     '0.3.0-wip2',
130 silly addNameRange     '0.3.0',
130 silly addNameRange     '0.3.1',
130 silly addNameRange     '0.3.2',
130 silly addNameRange     '0.4.0',
130 silly addNameRange     '0.4.1',
130 silly addNameRange     '0.4.2',
130 silly addNameRange     '0.4.3',
130 silly addNameRange     '0.4.4',
130 silly addNameRange     '0.5.0',
130 silly addNameRange     '0.5.1',
130 silly addNameRange     '0.5.2',
130 silly addNameRange     '0.6.0',
130 silly addNameRange     '0.7.0',
130 silly addNameRange     '0.7.1',
130 silly addNameRange     '0.8.0',
130 silly addNameRange     '1.0.0',
130 silly addNameRange     '1.1.0',
130 silly addNameRange     '1.1.1',
130 silly addNameRange     '1.1.2',
130 silly addNameRange     '1.2.0',
130 silly addNameRange     '1.3.0',
130 silly addNameRange     '1.4.0',
130 silly addNameRange     '1.4.1',
130 silly addNameRange     '1.5.0',
130 silly addNameRange     '1.4.2',
130 silly addNameRange     '1.4.3',
130 silly addNameRange     '1.5.1',
130 silly addNameRange     '1.5.2',
130 silly addNameRange     '1.6.0',
130 silly addNameRange     '1.5.3',
130 silly addNameRange     '1.6.1',
130 silly addNameRange     '1.6.2',
130 silly addNameRange     '1.7.0',
130 silly addNameRange     '1.8.0',
130 silly addNameRange     '1.8.1',
130 silly addNameRange     '1.8.2',
130 silly addNameRange     '1.8.3',
130 silly addNameRange     '1.8.4' ] ]
131 verbose addNamed nan@0.8.0
132 silly addNamed semver.valid 0.8.0
133 silly addNamed semver.validRange 0.8.0
134 silly cache afterAdd nan@0.8.0
135 verbose afterAdd C:\Users\tbrown\AppData\Roaming\npm-cache\nan\0.8.0\package\package.json not in flight; writing
136 verbose afterAdd C:\Users\tbrown\AppData\Roaming\npm-cache\nan\0.8.0\package\package.json written
137 silly install resolved [ { name: 'nan',
137 silly install resolved     version: '0.8.0',
137 silly install resolved     description: 'Native Abstractions for Node.js: C++ header for Node 0.8->0.12 compatibility',
137 silly install resolved     main: 'include_dirs.js',
137 silly install resolved     repository: { type: 'git', url: 'git://github.com/rvagg/nan.git' },
137 silly install resolved     contributors: [ [Object], [Object], [Object], [Object], [Object], [Object] ],
137 silly install resolved     license: 'MIT',
137 silly install resolved     bugs: { url: 'https://github.com/rvagg/nan/issues' },
137 silly install resolved     homepage: 'https://github.com/rvagg/nan',
137 silly install resolved     _id: 'nan@0.8.0',
137 silly install resolved     dist:
137 silly install resolved      { shasum: '022a8fa5e9fe8420964ac1fb3dc94e17f449f5fd',
137 silly install resolved        tarball: 'http://registry.npmjs.org/nan/-/nan-0.8.0.tgz' },
137 silly install resolved     _from: 'nan@>=0.8.0 <0.9.0',
137 silly install resolved     _npmVersion: '1.3.21',
137 silly install resolved     _npmUser: { name: 'rvagg', email: 'rod@vagg.org' },
137 silly install resolved     maintainers: [ [Object] ],
137 silly install resolved     directories: {},
137 silly install resolved     _shasum: '022a8fa5e9fe8420964ac1fb3dc94e17f449f5fd',
137 silly install resolved     _resolved: 'https://registry.npmjs.org/nan/-/nan-0.8.0.tgz',
137 silly install resolved     readme: 'ERROR: No README data found!' } ]
138 info install nan@0.8.0 into c:\Users\tbrown\Documents\Personal Projects\image-calculator\node_modules\node-image
139 info installOne nan@0.8.0
140 verbose installOne of nan to c:\Users\tbrown\Documents\Personal Projects\image-calculator\node_modules\node-image not in flight; installing
141 verbose lock using C:\Users\tbrown\AppData\Roaming\npm-cache\_locks\nan-f98a386ab7d37af1.lock for c:\Users\tbrown\Documents\Personal Projects\image-calculator\node_modules\node-image\node_modules\nan
142 silly install write writing nan 0.8.0 to c:\Users\tbrown\Documents\Personal Projects\image-calculator\node_modules\node-image\node_modules\nan
143 silly cache addNamed cb nan@0.8.0
144 verbose unbuild node_modules\node-image\node_modules\nan
145 silly gentlyRm c:\Users\tbrown\Documents\Personal Projects\image-calculator\node_modules\node-image\node_modules\nan is being purged from base c:\Users\tbrown\Documents\Personal Projects\image-calculator
146 verbose gentlyRm don't care about contents; nuking c:\Users\tbrown\Documents\Personal Projects\image-calculator\node_modules\node-image\node_modules\nan
147 verbose tar unpack C:\Users\tbrown\AppData\Roaming\npm-cache\nan\0.8.0\package.tgz
148 verbose tar unpacking to c:\Users\tbrown\Documents\Personal Projects\image-calculator\node_modules\node-image\node_modules\nan
149 silly gentlyRm c:\Users\tbrown\Documents\Personal Projects\image-calculator\node_modules\node-image\node_modules\nan is being purged
150 verbose gentlyRm don't care about contents; nuking c:\Users\tbrown\Documents\Personal Projects\image-calculator\node_modules\node-image\node_modules\nan
151 silly gunzTarPerm modes [ '777', '666' ]
152 silly gunzTarPerm extractEntry package.json
153 silly gunzTarPerm modified mode [ 'package.json', 420, 438 ]
154 silly gunzTarPerm extractEntry README.md
155 silly gunzTarPerm modified mode [ 'README.md', 420, 438 ]
156 silly gunzTarPerm extractEntry LICENSE
157 silly gunzTarPerm modified mode [ 'LICENSE', 420, 438 ]
158 silly gunzTarPerm extractEntry include_dirs.js
159 silly gunzTarPerm modified mode [ 'include_dirs.js', 420, 438 ]
160 silly gunzTarPerm extractEntry .dntrc
161 silly gunzTarPerm modified mode [ '.dntrc', 420, 438 ]
162 silly gunzTarPerm extractEntry build/config.gypi
163 silly gunzTarPerm modified mode [ 'build/config.gypi', 420, 438 ]
164 silly gunzTarPerm extractEntry nan.h
165 silly gunzTarPerm modified mode [ 'nan.h', 420, 438 ]
166 info preinstall nan@0.8.0
167 silly install resolved []
168 verbose about to build c:\Users\tbrown\Documents\Personal Projects\image-calculator\node_modules\node-image\node_modules\nan
169 info build c:\Users\tbrown\Documents\Personal Projects\image-calculator\node_modules\node-image\node_modules\nan
170 verbose linkStuff [ false,
170 verbose linkStuff   false,
170 verbose linkStuff   false,
170 verbose linkStuff   'c:\\Users\\tbrown\\Documents\\Personal Projects\\image-calculator\\node_modules\\node-image\\node_modules' ]
171 info linkStuff nan@0.8.0
172 verbose linkBins nan@0.8.0
173 verbose linkMans nan@0.8.0
174 verbose rebuildBundles nan@0.8.0
175 info install nan@0.8.0
176 info postinstall nan@0.8.0
177 verbose unlock done using C:\Users\tbrown\AppData\Roaming\npm-cache\_locks\nan-f98a386ab7d37af1.lock for c:\Users\tbrown\Documents\Personal Projects\image-calculator\node_modules\node-image\node_modules\nan
178 verbose about to build c:\Users\tbrown\Documents\Personal Projects\image-calculator\node_modules\node-image
179 info build c:\Users\tbrown\Documents\Personal Projects\image-calculator\node_modules\node-image
180 verbose linkStuff [ false,
180 verbose linkStuff   false,
180 verbose linkStuff   false,
180 verbose linkStuff   'c:\\Users\\tbrown\\Documents\\Personal Projects\\image-calculator\\node_modules' ]
181 info linkStuff node-image@0.7.1
182 verbose linkBins node-image@0.7.1
183 verbose linkMans node-image@0.7.1
184 verbose rebuildBundles node-image@0.7.1
185 verbose rebuildBundles [ 'nan' ]
186 info install node-image@0.7.1
187 verbose unsafe-perm in lifecycle true
188 info node-image@0.7.1 Failed to exec install script
189 verbose unlock done using C:\Users\tbrown\AppData\Roaming\npm-cache\_locks\node-image-92424d1f67a7c35d.lock for c:\Users\tbrown\Documents\Personal Projects\image-calculator\node_modules\node-image
190 verbose stack Error: node-image@0.7.1 install: `node-gyp rebuild`
190 verbose stack Exit status 1
190 verbose stack     at EventEmitter.<anonymous> (c:\Program Files\nodejs\node_modules\npm\lib\utils\lifecycle.js:213:16)
190 verbose stack     at EventEmitter.emit (events.js:98:17)
190 verbose stack     at ChildProcess.<anonymous> (c:\Program Files\nodejs\node_modules\npm\lib\utils\spawn.js:14:12)
190 verbose stack     at ChildProcess.emit (events.js:98:17)
190 verbose stack     at maybeClose (child_process.js:766:16)
190 verbose stack     at Process.ChildProcess._handle.onexit (child_process.js:833:5)
191 verbose pkgid node-image@0.7.1
192 verbose cwd c:\Users\tbrown\Documents\Personal Projects\image-calculator
193 error Windows_NT 6.1.7601
194 error argv "c:\\Program Files\\nodejs\\node.exe" "c:\\Program Files\\nodejs\\node_modules\\npm\\bin\\npm-cli.js" "install" "node-image" "--save"
195 error node v0.10.34
196 error npm  v2.7.3
197 error code ELIFECYCLE
198 error node-image@0.7.1 install: `node-gyp rebuild`
198 error Exit status 1
199 error Failed at the node-image@0.7.1 install script 'node-gyp rebuild'.
199 error This is most likely a problem with the node-image package,
199 error not with npm itself.
199 error Tell the author that this fails on your system:
199 error     node-gyp rebuild
199 error You can get their info via:
199 error     npm owner ls node-image
199 error There is likely additional logging output above.
200 verbose exit [ 1, true ]
201 verbose unbuild node_modules\node-image
202 info preuninstall node-image@0.7.1
203 info uninstall node-image@0.7.1
204 verbose unbuild rmStuff node-image@0.7.1 from c:\Users\tbrown\Documents\Personal Projects\image-calculator\node_modules
205 info postuninstall node-image@0.7.1
206 silly gentlyRm c:\Users\tbrown\Documents\Personal Projects\image-calculator\node_modules\node-image is being purged from base c:\Users\tbrown\Documents\Personal Projects\image-calculator
207 verbose gentlyRm don't care about contents; nuking c:\Users\tbrown\Documents\Personal Projects\image-calculator\node_modules\node-image
208 silly vacuum-fs purging c:\Users\tbrown\Documents\Personal Projects\image-calculator\node_modules\node-image
209 silly vacuum-fs quitting because other entries in c:\Users\tbrown\Documents\Personal Projects\image-calculator\node_modules
